<?xml version="1.0" encoding="UTF-8"?>
<!-- Generated by org.testng.reporters.JUnitXMLReporter -->
<testsuite ignored="0" hostname="DESKTOP-O0I2PIM" failures="1" tests="1" name="Default test" time="20.895" errors="0" timestamp="23 Oct 2021 17:48:25 GMT">
  <testcase classname="org.test.SelenideGoogleTest" name="googleSearchTest" time="20.792">
    <failure type="com.codeborne.selenide.ex.ListSizeMismatch" message="List size mismatch: expected: = 5, actual: 7, collection: By.xpath: //h3[contains(text(),&amp;apos;MakeMyTrip&amp;apos;)]
Elements: [
	&amp;lt;h3 class=&amp;quot;LC20lb DKV0Md&amp;quot;&amp;gt;MakeMyTrip - #1 Travel Website 50% OFF on Hotels, Flights ...&amp;lt;/h3&amp;gt;,
	&amp;lt;h3 class=&amp;quot;NsiYH&amp;quot;&amp;gt;MakeMyTrip (@makemytrip) · Twitter&amp;lt;/h3&amp;gt;,
	&amp;lt;h3 class=&amp;quot;LC20lb DKV0Md&amp;quot;&amp;gt;MakeMyTrip: Travel Booking App - Google Play&amp;lt;/h3&amp;gt;,
	&amp;lt;h3 class=&amp;quot;LC20lb DKV0Md&amp;quot;&amp;gt;MakeMyTrip - Home | Facebook&amp;lt;/h3&amp;gt;,
	&amp;lt;h3 class=&amp;quot;LC20lb DKV0Md&amp;quot;&amp;gt;MakeMyTrip - Wikipedia&amp;lt;/h3&amp;gt;,
	&amp;lt;h3 class=&amp;quot;LC20lb DKV0Md&amp;quot;&amp;gt;MakeMyTrip Employees, Location, Careers | LinkedIn&amp;lt;/h3&amp;gt;,
	&amp;lt;h3 class=&amp;quot;LC20lb DKV0Md&amp;quot;&amp;gt;MakeMyTrip - Flights, Hotels on the App Store&amp;lt;/h3&amp;gt;
]
Screenshot: file:/E:/Selenide/Selenide/SelenideWorkspace/SelenideDemos/build/reports/tests/1635011302329.0.png
Page source: file:/E:/Selenide/Selenide/SelenideWorkspace/SelenideDemos/build/reports/tests/1635011302329.0.html
Timeout: 4 s.">
      <![CDATA[List size mismatch: expected: = 5, actual: 7, collection: By.xpath: //h3[contains(text(),'MakeMyTrip')]
Elements: [
<h3 class="LC20lb DKV0Md">MakeMyTrip - #1 Travel Website 50% OFF on Hotels, Flights ...</h3>,
<h3 class="NsiYH">MakeMyTrip (@makemytrip) · Twitter</h3>,
<h3 class="LC20lb DKV0Md">MakeMyTrip: Travel Booking App - Google Play</h3>,
<h3 class="LC20lb DKV0Md">MakeMyTrip - Home | Facebook</h3>,
<h3 class="LC20lb DKV0Md">MakeMyTrip - Wikipedia</h3>,
<h3 class="LC20lb DKV0Md">MakeMyTrip Employees, Location, Careers | LinkedIn</h3>,
<h3 class="LC20lb DKV0Md">MakeMyTrip - Flights, Hotels on the App Store</h3>
]
Screenshot: file:/E:/Selenide/Selenide/SelenideWorkspace/SelenideDemos/build/reports/tests/1635011302329.0.png
Page source: file:/E:/Selenide/Selenide/SelenideWorkspace/SelenideDemos/build/reports/tests/1635011302329.0.html
Timeout: 4 s.
at com.codeborne.selenide.collections.ListSize.fail(ListSize.java:32)
at com.codeborne.selenide.ElementsCollection.waitUntil(ElementsCollection.java:221)
at com.codeborne.selenide.ElementsCollection.should(ElementsCollection.java:166)
at com.codeborne.selenide.ElementsCollection.shouldHave(ElementsCollection.java:128)
at org.test.SelenideGoogleTest.googleSearchTest(SelenideGoogleTest.java:27)
at java.base/jdk.internal.reflect.NativeMethodAccessorImpl.invoke0(Native Method)
at java.base/jdk.internal.reflect.NativeMethodAccessorImpl.invoke(NativeMethodAccessorImpl.java:78)
at java.base/jdk.internal.reflect.DelegatingMethodAccessorImpl.invoke(DelegatingMethodAccessorImpl.java:43)
at java.base/java.lang.reflect.Method.invoke(Method.java:567)
at org.testng.internal.MethodInvocationHelper.invokeMethod(MethodInvocationHelper.java:124)
at org.testng.internal.Invoker.invokeMethod(Invoker.java:583)
at org.testng.internal.Invoker.invokeTestMethod(Invoker.java:719)
at org.testng.internal.Invoker.invokeTestMethods(Invoker.java:989)
at org.testng.internal.TestMethodWorker.invokeTestMethods(TestMethodWorker.java:125)
at org.testng.internal.TestMethodWorker.run(TestMethodWorker.java:109)
at org.testng.TestRunner.privateRun(TestRunner.java:648)
at org.testng.TestRunner.run(TestRunner.java:505)
at org.testng.SuiteRunner.runTest(SuiteRunner.java:455)
at org.testng.SuiteRunner.runSequentially(SuiteRunner.java:450)
at org.testng.SuiteRunner.privateRun(SuiteRunner.java:415)
at org.testng.SuiteRunner.run(SuiteRunner.java:364)
at org.testng.SuiteRunnerWorker.runSuite(SuiteRunnerWorker.java:52)
at org.testng.SuiteRunnerWorker.run(SuiteRunnerWorker.java:84)
at org.testng.TestNG.runSuitesSequentially(TestNG.java:1208)
at org.testng.TestNG.runSuitesLocally(TestNG.java:1137)
at org.testng.TestNG.runSuites(TestNG.java:1049)
at org.testng.TestNG.run(TestNG.java:1017)
at org.testng.remote.AbstractRemoteTestNG.run(AbstractRemoteTestNG.java:115)
at org.testng.remote.RemoteTestNG.initAndRun(RemoteTestNG.java:251)
at org.testng.remote.RemoteTestNG.main(RemoteTestNG.java:77)
]]>
    </failure>
  </testcase> <!-- googleSearchTest -->
</testsuite> <!-- Default test -->
